<?xml version="1.0" ?>
<!DOCTYPE coverage SYSTEM "http://cobertura.sourceforge.net/xml/coverage-04.dtd">
<coverage lines-valid="307" lines-covered="206" line-rate="0.6709999999999999" branches-valid="129" branches-covered="45" branch-rate="0.3488" timestamp="1635890282015" complexity="0" version="0.1">
  <sources>
    <source>projects\fritzapi</source>
  </sources>
  <packages>
    <package name="dist" line-rate="1" branch-rate="1">
      <classes>
        <class name="Fritz.d.ts" filename="dist\Fritz.d.ts" line-rate="0" branch-rate="0">
          <methods>
          </methods>
          <lines>
          </lines>
        </class>
        <class name="index.d.ts" filename="dist\index.d.ts" line-rate="0" branch-rate="0">
          <methods>
          </methods>
          <lines>
          </lines>
        </class>
      </classes>
    </package>
    <package name="dist.utils" line-rate="1" branch-rate="1">
      <classes>
        <class name="const.d.ts" filename="dist\utils\const.d.ts" line-rate="0" branch-rate="0">
          <methods>
          </methods>
          <lines>
          </lines>
        </class>
        <class name="function.d.ts" filename="dist\utils\function.d.ts" line-rate="0" branch-rate="0">
          <methods>
          </methods>
          <lines>
          </lines>
        </class>
        <class name="index.d.ts" filename="dist\utils\index.d.ts" line-rate="0" branch-rate="0">
          <methods>
          </methods>
          <lines>
          </lines>
        </class>
        <class name="lib.d.ts" filename="dist\utils\lib.d.ts" line-rate="0" branch-rate="0">
          <methods>
          </methods>
          <lines>
          </lines>
        </class>
      </classes>
    </package>
    <package name="src" line-rate="0.6743000000000001" branch-rate="0.4301">
      <classes>
        <class name="Fritz.ts" filename="src\Fritz.ts" line-rate="0.6681999999999999" branch-rate="0.4301">
          <methods>
            <method name="(anonymous_20)" hits="1" signature="()V">
              <lines>
                <line number="49" hits="1"/>
              </lines>
            </method>
            <method name="Fritz" hits="1" signature="()V">
              <lines>
                <line number="66" hits="1"/>
              </lines>
            </method>
            <method name="(anonymous_22)" hits="2" signature="()V">
              <lines>
                <line number="247" hits="2"/>
              </lines>
            </method>
            <method name="(anonymous_25)" hits="0" signature="()V">
              <lines>
                <line number="255" hits="0"/>
              </lines>
            </method>
            <method name="(anonymous_26)" hits="0" signature="()V">
              <lines>
                <line number="366" hits="0"/>
              </lines>
            </method>
            <method name="(anonymous_27)" hits="0" signature="()V">
              <lines>
                <line number="366" hits="0"/>
              </lines>
            </method>
            <method name="(anonymous_29)" hits="0" signature="()V">
              <lines>
                <line number="375" hits="0"/>
              </lines>
            </method>
            <method name="(anonymous_30)" hits="0" signature="()V">
              <lines>
                <line number="375" hits="0"/>
              </lines>
            </method>
            <method name="(anonymous_32)" hits="0" signature="()V">
              <lines>
                <line number="384" hits="0"/>
              </lines>
            </method>
            <method name="(anonymous_33)" hits="0" signature="()V">
              <lines>
                <line number="384" hits="0"/>
              </lines>
            </method>
            <method name="(anonymous_35)" hits="0" signature="()V">
              <lines>
                <line number="393" hits="0"/>
              </lines>
            </method>
            <method name="(anonymous_36)" hits="0" signature="()V">
              <lines>
                <line number="393" hits="0"/>
              </lines>
            </method>
            <method name="(anonymous_38)" hits="0" signature="()V">
              <lines>
                <line number="406" hits="0"/>
              </lines>
            </method>
            <method name="(anonymous_39)" hits="0" signature="()V">
              <lines>
                <line number="406" hits="0"/>
              </lines>
            </method>
            <method name="(anonymous_41)" hits="0" signature="()V">
              <lines>
                <line number="419" hits="0"/>
              </lines>
            </method>
            <method name="(anonymous_42)" hits="0" signature="()V">
              <lines>
                <line number="419" hits="0"/>
              </lines>
            </method>
            <method name="(anonymous_44)" hits="0" signature="()V">
              <lines>
                <line number="429" hits="0"/>
              </lines>
            </method>
            <method name="(anonymous_45)" hits="0" signature="()V">
              <lines>
                <line number="429" hits="0"/>
              </lines>
            </method>
            <method name="(anonymous_47)" hits="0" signature="()V">
              <lines>
                <line number="442" hits="0"/>
              </lines>
            </method>
            <method name="(anonymous_48)" hits="0" signature="()V">
              <lines>
                <line number="442" hits="0"/>
              </lines>
            </method>
            <method name="(anonymous_50)" hits="0" signature="()V">
              <lines>
                <line number="454" hits="0"/>
              </lines>
            </method>
            <method name="(anonymous_53)" hits="0" signature="()V">
              <lines>
                <line number="458" hits="0"/>
              </lines>
            </method>
            <method name="(anonymous_54)" hits="0" signature="()V">
              <lines>
                <line number="477" hits="0"/>
              </lines>
            </method>
            <method name="(anonymous_55)" hits="0" signature="()V">
              <lines>
                <line number="477" hits="0"/>
              </lines>
            </method>
            <method name="(anonymous_57)" hits="0" signature="()V">
              <lines>
                <line number="486" hits="0"/>
              </lines>
            </method>
            <method name="(anonymous_58)" hits="0" signature="()V">
              <lines>
                <line number="486" hits="0"/>
              </lines>
            </method>
            <method name="(anonymous_60)" hits="0" signature="()V">
              <lines>
                <line number="495" hits="0"/>
              </lines>
            </method>
            <method name="(anonymous_61)" hits="0" signature="()V">
              <lines>
                <line number="495" hits="0"/>
              </lines>
            </method>
            <method name="(anonymous_63)" hits="0" signature="()V">
              <lines>
                <line number="586" hits="0"/>
              </lines>
            </method>
            <method name="(anonymous_66)" hits="0" signature="()V">
              <lines>
                <line number="590" hits="0"/>
              </lines>
            </method>
            <method name="(anonymous_67)" hits="2" signature="()V">
              <lines>
                <line number="602" hits="2"/>
              </lines>
            </method>
            <method name="(anonymous_70)" hits="1" signature="()V">
              <lines>
                <line number="606" hits="1"/>
              </lines>
            </method>
            <method name="(anonymous_71)" hits="0" signature="()V">
              <lines>
                <line number="614" hits="0"/>
              </lines>
            </method>
            <method name="(anonymous_74)" hits="0" signature="()V">
              <lines>
                <line number="618" hits="0"/>
              </lines>
            </method>
            <method name="(anonymous_75)" hits="0" signature="()V">
              <lines>
                <line number="749" hits="0"/>
              </lines>
            </method>
            <method name="(anonymous_76)" hits="0" signature="()V">
              <lines>
                <line number="749" hits="0"/>
              </lines>
            </method>
            <method name="(anonymous_78)" hits="0" signature="()V">
              <lines>
                <line number="761" hits="0"/>
              </lines>
            </method>
            <method name="(anonymous_79)" hits="0" signature="()V">
              <lines>
                <line number="761" hits="0"/>
              </lines>
            </method>
            <method name="(anonymous_81)" hits="13" signature="()V">
              <lines>
                <line number="79" hits="13"/>
              </lines>
            </method>
            <method name="(anonymous_84)" hits="14" signature="()V">
              <lines>
                <line number="95" hits="14"/>
              </lines>
            </method>
            <method name="(anonymous_87)" hits="12" signature="()V">
              <lines>
                <line number="126" hits="12"/>
              </lines>
            </method>
            <method name="(anonymous_90)" hits="0" signature="()V">
              <lines>
                <line number="142" hits="0"/>
              </lines>
            </method>
            <method name="(anonymous_91)" hits="1" signature="()V">
              <lines>
                <line number="164" hits="1"/>
              </lines>
            </method>
            <method name="(anonymous_94)" hits="1" signature="()V">
              <lines>
                <line number="191" hits="1"/>
              </lines>
            </method>
            <method name="(anonymous_97)" hits="1" signature="()V">
              <lines>
                <line number="205" hits="1"/>
              </lines>
            </method>
            <method name="(anonymous_100)" hits="1" signature="()V">
              <lines>
                <line number="225" hits="1"/>
              </lines>
            </method>
            <method name="(anonymous_103)" hits="2" signature="()V">
              <lines>
                <line number="240" hits="2"/>
              </lines>
            </method>
            <method name="(anonymous_106)" hits="0" signature="()V">
              <lines>
                <line number="265" hits="0"/>
              </lines>
            </method>
            <method name="(anonymous_109)" hits="0" signature="()V">
              <lines>
                <line number="273" hits="0"/>
              </lines>
            </method>
            <method name="(anonymous_112)" hits="2" signature="()V">
              <lines>
                <line number="281" hits="2"/>
              </lines>
            </method>
            <method name="(anonymous_115)" hits="2" signature="()V">
              <lines>
                <line number="288" hits="2"/>
              </lines>
            </method>
            <method name="(anonymous_118)" hits="4" signature="()V">
              <lines>
                <line number="294" hits="4"/>
              </lines>
            </method>
            <method name="(anonymous_119)" hits="3" signature="()V">
              <lines>
                <line number="306" hits="3"/>
              </lines>
            </method>
            <method name="(anonymous_122)" hits="6" signature="()V">
              <lines>
                <line number="311" hits="6"/>
              </lines>
            </method>
            <method name="(anonymous_123)" hits="6" signature="()V">
              <lines>
                <line number="312" hits="6"/>
              </lines>
            </method>
            <method name="(anonymous_124)" hits="1" signature="()V">
              <lines>
                <line number="325" hits="1"/>
              </lines>
            </method>
            <method name="(anonymous_127)" hits="0" signature="()V">
              <lines>
                <line number="336" hits="0"/>
              </lines>
            </method>
            <method name="(anonymous_130)" hits="0" signature="()V">
              <lines>
                <line number="345" hits="0"/>
              </lines>
            </method>
            <method name="(anonymous_133)" hits="1" signature="()V">
              <lines>
                <line number="356" hits="1"/>
              </lines>
            </method>
            <method name="(anonymous_136)" hits="0" signature="()V">
              <lines>
                <line number="468" hits="0"/>
              </lines>
            </method>
            <method name="(anonymous_139)" hits="0" signature="()V">
              <lines>
                <line number="512" hits="0"/>
              </lines>
            </method>
            <method name="(anonymous_142)" hits="0" signature="()V">
              <lines>
                <line number="526" hits="0"/>
              </lines>
            </method>
            <method name="(anonymous_145)" hits="0" signature="()V">
              <lines>
                <line number="539" hits="0"/>
              </lines>
            </method>
            <method name="(anonymous_148)" hits="2" signature="()V">
              <lines>
                <line number="628" hits="2"/>
              </lines>
            </method>
            <method name="(anonymous_151)" hits="0" signature="()V">
              <lines>
                <line number="645" hits="0"/>
              </lines>
            </method>
            <method name="(anonymous_154)" hits="0" signature="()V">
              <lines>
                <line number="659" hits="0"/>
              </lines>
            </method>
            <method name="(anonymous_157)" hits="0" signature="()V">
              <lines>
                <line number="664" hits="0"/>
              </lines>
            </method>
            <method name="(anonymous_158)" hits="2" signature="()V">
              <lines>
                <line number="683" hits="2"/>
              </lines>
            </method>
            <method name="(anonymous_161)" hits="0" signature="()V">
              <lines>
                <line number="706" hits="0"/>
              </lines>
            </method>
            <method name="(anonymous_164)" hits="0" signature="()V">
              <lines>
                <line number="736" hits="0"/>
              </lines>
            </method>
            <method name="(anonymous_167)" hits="0" signature="()V">
              <lines>
                <line number="771" hits="0"/>
              </lines>
            </method>
            <method name="(anonymous_168)" hits="0" signature="()V">
              <lines>
                <line number="803" hits="0"/>
              </lines>
            </method>
            <method name="(anonymous_171)" hits="0" signature="()V">
              <lines>
                <line number="814" hits="0"/>
              </lines>
            </method>
            <method name="(anonymous_174)" hits="0" signature="()V">
              <lines>
                <line number="859" hits="0"/>
              </lines>
            </method>
          </methods>
          <lines>
            <line number="21" hits="1" branch="false"/>
            <line number="22" hits="1" branch="false"/>
            <line number="23" hits="1" branch="false"/>
            <line number="24" hits="1" branch="false"/>
            <line number="25" hits="1" branch="false"/>
            <line number="49" hits="1" branch="false"/>
            <line number="56" hits="1" branch="false"/>
            <line number="66" hits="1" branch="false"/>
            <line number="67" hits="1" branch="false"/>
            <line number="68" hits="1" branch="false"/>
            <line number="69" hits="1" branch="false"/>
            <line number="70" hits="1" branch="false"/>
            <line number="71" hits="1" branch="true" condition-coverage="100% (1/1)"/>
            <line number="72" hits="1" branch="false"/>
            <line number="79" hits="1" branch="false"/>
            <line number="80" hits="25" branch="true" condition-coverage="100% (1/1)"/>
            <line number="81" hits="1" branch="false"/>
            <line number="83" hits="13" branch="true" condition-coverage="0% (0/1)"/>
            <line number="84" hits="0" branch="false"/>
            <line number="86" hits="13" branch="false"/>
            <line number="95" hits="1" branch="false"/>
            <line number="100" hits="14" branch="false"/>
            <line number="101" hits="26" branch="true" condition-coverage="100% (5/5)"/>
            <line number="102" hits="2" branch="true" condition-coverage="0% (0/1)"/>
            <line number="103" hits="2" branch="false"/>
            <line number="105" hits="2" branch="false"/>
            <line number="111" hits="0" branch="true" condition-coverage="66.66666666666666% (2/3)"/>
            <line number="114" hits="12" branch="false"/>
            <line number="116" hits="14" branch="false"/>
            <line number="118" hits="0" branch="false"/>
            <line number="119" hits="0" branch="false"/>
            <line number="126" hits="1" branch="false"/>
            <line number="131" hits="24" branch="false"/>
            <line number="133" hits="12" branch="false"/>
            <line number="134" hits="12" branch="false"/>
            <line number="135" hits="12" branch="false"/>
            <line number="136" hits="12" branch="true" condition-coverage="100% (2/2)"/>
            <line number="137" hits="3" branch="false"/>
            <line number="139" hits="9" branch="false"/>
            <line number="140" hits="9" branch="false"/>
            <line number="142" hits="12" branch="false"/>
            <line number="143" hits="0" branch="false"/>
            <line number="146" hits="14" branch="true" condition-coverage="100% (1/1)"/>
            <line number="147" hits="12" branch="true" condition-coverage="100% (1/1)"/>
            <line number="148" hits="12" branch="true" condition-coverage="100% (1/1)"/>
            <line number="150" hits="12" branch="true" condition-coverage="100% (1/1)"/>
            <line number="151" hits="10" branch="false"/>
            <line number="152" hits="10" branch="false"/>
            <line number="155" hits="12" branch="false"/>
            <line number="164" hits="1" branch="false"/>
            <line number="168" hits="1" branch="true" condition-coverage="100% (1/1)"/>
            <line number="175" hits="1" branch="false"/>
            <line number="176" hits="1" branch="false"/>
            <line number="180" hits="1" branch="false"/>
            <line number="182" hits="1" branch="false"/>
            <line number="184" hits="1" branch="false"/>
            <line number="185" hits="1" branch="false"/>
            <line number="191" hits="1" branch="false"/>
            <line number="192" hits="1" branch="true" condition-coverage="100% (1/1)"/>
            <line number="198" hits="1" branch="false"/>
            <line number="199" hits="1" branch="true" condition-coverage="100% (2/2)"/>
            <line number="205" hits="1" branch="false"/>
            <line number="206" hits="1" branch="false"/>
            <line number="209" hits="1" branch="false"/>
            <line number="214" hits="1" branch="false"/>
            <line number="215" hits="1" branch="false"/>
            <line number="219" hits="1" branch="false"/>
            <line number="225" hits="1" branch="false"/>
            <line number="226" hits="1" branch="false"/>
            <line number="229" hits="1" branch="false"/>
            <line number="234" hits="1" branch="false"/>
            <line number="240" hits="1" branch="false"/>
            <line number="241" hits="2" branch="false"/>
            <line number="247" hits="1" branch="false"/>
            <line number="248" hits="1" branch="true" condition-coverage="100% (1/1)"/>
            <line number="250" hits="1" branch="false"/>
            <line number="253" hits="1" branch="false"/>
            <line number="254" hits="1" branch="true" condition-coverage="75% (3/4)"/>
            <line number="255" hits="1" branch="false"/>
            <line number="256" hits="0" branch="false"/>
            <line number="258" hits="1" branch="false"/>
            <line number="265" hits="1" branch="false"/>
            <line number="266" hits="0" branch="false"/>
            <line number="273" hits="1" branch="false"/>
            <line number="274" hits="0" branch="false"/>
            <line number="281" hits="1" branch="false"/>
            <line number="282" hits="2" branch="false"/>
            <line number="288" hits="1" branch="false"/>
            <line number="289" hits="2" branch="true" condition-coverage="100% (1/1)"/>
            <line number="290" hits="2" branch="false"/>
            <line number="292" hits="2" branch="false"/>
            <line number="293" hits="2" branch="true" condition-coverage="50% (2/4)"/>
            <line number="294" hits="2" branch="false"/>
            <line number="295" hits="4" branch="false"/>
            <line number="296" hits="4" branch="false"/>
            <line number="297" hits="4" branch="false"/>
            <line number="299" hits="2" branch="false"/>
            <line number="306" hits="1" branch="false"/>
            <line number="307" hits="5" branch="true" condition-coverage="100% (1/1)"/>
            <line number="308" hits="1" branch="false"/>
            <line number="311" hits="3" branch="true" condition-coverage="100% (1/1)"/>
            <line number="312" hits="6" branch="false"/>
            <line number="314" hits="6" branch="true" condition-coverage="100% (2/2)"/>
            <line number="325" hits="1" branch="false"/>
            <line number="326" hits="1" branch="true" condition-coverage="100% (1/1)"/>
            <line number="329" hits="1" branch="true" condition-coverage="50% (1/2)"/>
            <line number="336" hits="1" branch="false"/>
            <line number="337" hits="0" branch="true" condition-coverage="0% (0/1)"/>
            <line number="338" hits="0" branch="false"/>
            <line number="345" hits="1" branch="false"/>
            <line number="346" hits="0" branch="true" condition-coverage="0% (0/6)"/>
            <line number="356" hits="1" branch="false"/>
            <line number="357" hits="1" branch="true" condition-coverage="100% (1/1)"/>
            <line number="358" hits="1" branch="false"/>
            <line number="359" hits="1" branch="true" condition-coverage="50% (1/2)"/>
            <line number="366" hits="1" branch="false"/>
            <line number="367" hits="0" branch="true" condition-coverage="0% (0/1)"/>
            <line number="368" hits="0" branch="false"/>
            <line number="375" hits="1" branch="false"/>
            <line number="376" hits="0" branch="true" condition-coverage="0% (0/1)"/>
            <line number="377" hits="0" branch="false"/>
            <line number="384" hits="1" branch="false"/>
            <line number="385" hits="0" branch="true" condition-coverage="0% (0/1)"/>
            <line number="386" hits="0" branch="false"/>
            <line number="393" hits="1" branch="false"/>
            <line number="394" hits="0" branch="true" condition-coverage="0% (0/1)"/>
            <line number="399" hits="0" branch="false"/>
            <line number="406" hits="1" branch="false"/>
            <line number="407" hits="0" branch="true" condition-coverage="0% (0/1)"/>
            <line number="412" hits="0" branch="false"/>
            <line number="419" hits="1" branch="false"/>
            <line number="420" hits="0" branch="true" condition-coverage="0% (0/1)"/>
            <line number="421" hits="0" branch="false"/>
            <line number="422" hits="0" branch="true" condition-coverage="0% (0/2)"/>
            <line number="429" hits="1" branch="false"/>
            <line number="430" hits="0" branch="true" condition-coverage="0% (0/1)"/>
            <line number="435" hits="0" branch="false"/>
            <line number="442" hits="1" branch="false"/>
            <line number="443" hits="0" branch="true" condition-coverage="0% (0/1)"/>
            <line number="444" hits="0" branch="false"/>
            <line number="454" hits="1" branch="false"/>
            <line number="455" hits="0" branch="true" condition-coverage="0% (0/1)"/>
            <line number="458" hits="0" branch="false"/>
            <line number="459" hits="0" branch="false"/>
            <line number="468" hits="1" branch="false"/>
            <line number="469" hits="0" branch="true" condition-coverage="0% (0/1)"/>
            <line number="470" hits="0" branch="false"/>
            <line number="477" hits="1" branch="false"/>
            <line number="478" hits="0" branch="true" condition-coverage="0% (0/1)"/>
            <line number="479" hits="0" branch="false"/>
            <line number="486" hits="1" branch="false"/>
            <line number="487" hits="0" branch="true" condition-coverage="0% (0/1)"/>
            <line number="488" hits="0" branch="false"/>
            <line number="495" hits="1" branch="false"/>
            <line number="496" hits="0" branch="true" condition-coverage="0% (0/1)"/>
            <line number="497" hits="0" branch="false"/>
            <line number="512" hits="1" branch="false"/>
            <line number="513" hits="0" branch="true" condition-coverage="0% (0/1)"/>
            <line number="518" hits="0" branch="false"/>
            <line number="526" hits="1" branch="false"/>
            <line number="527" hits="0" branch="true" condition-coverage="0% (0/1)"/>
            <line number="539" hits="1" branch="false"/>
            <line number="540" hits="0" branch="false"/>
            <line number="542" hits="0" branch="false"/>
            <line number="545" hits="0" branch="false"/>
            <line number="566" hits="0" branch="false"/>
            <line number="567" hits="0" branch="false"/>
            <line number="586" hits="1" branch="false"/>
            <line number="587" hits="0" branch="true" condition-coverage="0% (0/1)"/>
            <line number="590" hits="0" branch="false"/>
            <line number="591" hits="0" branch="false"/>
            <line number="602" hits="1" branch="false"/>
            <line number="603" hits="1" branch="true" condition-coverage="100% (1/1)"/>
            <line number="606" hits="1" branch="false"/>
            <line number="607" hits="1" branch="false"/>
            <line number="614" hits="1" branch="false"/>
            <line number="615" hits="0" branch="true" condition-coverage="0% (0/1)"/>
            <line number="618" hits="0" branch="false"/>
            <line number="619" hits="0" branch="false"/>
            <line number="628" hits="1" branch="false"/>
            <line number="632" hits="4" branch="false"/>
            <line number="637" hits="2" branch="false"/>
            <line number="645" hits="1" branch="false"/>
            <line number="646" hits="0" branch="true" condition-coverage="0% (0/1)"/>
            <line number="651" hits="0" branch="false"/>
            <line number="659" hits="1" branch="false"/>
            <line number="660" hits="0" branch="false"/>
            <line number="668" hits="0" branch="false"/>
            <line number="683" hits="1" branch="false"/>
            <line number="689" hits="4" branch="true" condition-coverage="100% (1/1)"/>
            <line number="697" hits="2" branch="false"/>
            <line number="706" hits="1" branch="false"/>
            <line number="711" hits="0" branch="false"/>
            <line number="712" hits="0" branch="false"/>
            <line number="717" hits="0" branch="false"/>
            <line number="736" hits="1" branch="false"/>
            <line number="738" hits="0" branch="false"/>
            <line number="739" hits="0" branch="false"/>
            <line number="749" hits="1" branch="false"/>
            <line number="750" hits="0" branch="true" condition-coverage="0% (0/1)"/>
            <line number="751" hits="0" branch="true" condition-coverage="0% (0/4)"/>
            <line number="761" hits="1" branch="false"/>
            <line number="762" hits="0" branch="true" condition-coverage="0% (0/1)"/>
            <line number="763" hits="0" branch="true" condition-coverage="0% (0/8)"/>
            <line number="771" hits="1" branch="false"/>
            <line number="772" hits="0" branch="false"/>
            <line number="803" hits="1" branch="false"/>
            <line number="804" hits="0" branch="true" condition-coverage="0% (0/1)"/>
            <line number="810" hits="0" branch="false"/>
            <line number="814" hits="1" branch="false"/>
            <line number="815" hits="0" branch="false"/>
            <line number="859" hits="1" branch="false"/>
            <line number="860" hits="0" branch="false"/>
            <line number="867" hits="1" branch="false"/>
          </lines>
        </class>
        <class name="index.ts" filename="src\index.ts" line-rate="1" branch-rate="1">
          <methods>
          </methods>
          <lines>
            <line number="1" hits="1" branch="false"/>
            <line number="3" hits="1" branch="false"/>
            <line number="4" hits="1" branch="false"/>
            <line number="5" hits="1" branch="false"/>
          </lines>
        </class>
      </classes>
    </package>
    <package name="src.utils" line-rate="0.6629" branch-rate="0.1388">
      <classes>
        <class name="const.ts" filename="src\utils\const.ts" line-rate="1" branch-rate="1">
          <methods>
          </methods>
          <lines>
            <line number="7" hits="1" branch="false"/>
            <line number="11" hits="1" branch="false"/>
            <line number="15" hits="1" branch="false"/>
            <line number="19" hits="1" branch="false"/>
            <line number="23" hits="1" branch="false"/>
            <line number="27" hits="1" branch="false"/>
            <line number="31" hits="1" branch="false"/>
            <line number="35" hits="1" branch="false"/>
            <line number="39" hits="1" branch="false"/>
            <line number="43" hits="1" branch="false"/>
            <line number="47" hits="1" branch="false"/>
            <line number="51" hits="1" branch="false"/>
            <line number="55" hits="1" branch="false"/>
            <line number="59" hits="1" branch="false"/>
            <line number="63" hits="1" branch="false"/>
            <line number="66" hits="1" branch="false"/>
            <line number="67" hits="1" branch="false"/>
            <line number="68" hits="1" branch="false"/>
            <line number="69" hits="1" branch="false"/>
            <line number="70" hits="1" branch="false"/>
            <line number="71" hits="1" branch="false"/>
            <line number="72" hits="1" branch="false"/>
            <line number="73" hits="1" branch="false"/>
            <line number="74" hits="1" branch="false"/>
            <line number="75" hits="1" branch="false"/>
            <line number="76" hits="1" branch="false"/>
            <line number="77" hits="1" branch="false"/>
            <line number="78" hits="1" branch="false"/>
            <line number="79" hits="1" branch="false"/>
            <line number="80" hits="1" branch="false"/>
            <line number="102" hits="1" branch="false"/>
            <line number="117" hits="1" branch="false"/>
            <line number="122" hits="1" branch="false"/>
            <line number="126" hits="1" branch="false"/>
            <line number="128" hits="1" branch="false"/>
            <line number="132" hits="1" branch="false"/>
            <line number="134" hits="1" branch="false"/>
          </lines>
        </class>
        <class name="function.ts" filename="src\utils\function.ts" line-rate="0.38770000000000004" branch-rate="0.1388">
          <methods>
            <method name="temp2api" hits="0" signature="()V">
              <lines>
                <line number="8" hits="0"/>
              </lines>
            </method>
            <method name="api2temp" hits="0" signature="()V">
              <lines>
                <line number="28" hits="0"/>
              </lines>
            </method>
            <method name="time2api" hits="0" signature="()V">
              <lines>
                <line number="44" hits="0"/>
              </lines>
            </method>
            <method name="state2api" hits="2" signature="()V">
              <lines>
                <line number="61" hits="2"/>
              </lines>
            </method>
            <method name="level2api" hits="0" signature="()V">
              <lines>
                <line number="82" hits="0"/>
              </lines>
            </method>
            <method name="colortemp2api" hits="0" signature="()V">
              <lines>
                <line number="91" hits="0"/>
              </lines>
            </method>
            <method name="color2apihue" hits="2" signature="()V">
              <lines>
                <line number="112" hits="2"/>
              </lines>
            </method>
            <method name="satindex2apisat" hits="2" signature="()V">
              <lines>
                <line number="125" hits="2"/>
              </lines>
            </method>
          </methods>
          <lines>
            <line number="1" hits="1" branch="false"/>
            <line number="11" hits="0" branch="true" condition-coverage="0% (0/4)"/>
            <line number="12" hits="0" branch="true" condition-coverage="0% (0/4)"/>
            <line number="13" hits="0" branch="true" condition-coverage="0% (0/2)"/>
            <line number="15" hits="0" branch="false"/>
            <line number="18" hits="0" branch="false"/>
            <line number="21" hits="0" branch="false"/>
            <line number="29" hits="0" branch="true" condition-coverage="0% (0/1)"/>
            <line number="30" hits="0" branch="true" condition-coverage="0% (0/1)"/>
            <line number="32" hits="0" branch="true" condition-coverage="0% (0/1)"/>
            <line number="33" hits="0" branch="false"/>
            <line number="37" hits="0" branch="false"/>
            <line number="45" hits="0" branch="true" condition-coverage="0% (0/1)"/>
            <line number="46" hits="0" branch="false"/>
            <line number="49" hits="0" branch="false"/>
            <line number="63" hits="2" branch="true" condition-coverage="0% (0/1)"/>
            <line number="64" hits="0" branch="false"/>
            <line number="66" hits="2" branch="true" condition-coverage="50% (2/4)"/>
            <line number="68" hits="1" branch="false"/>
            <line number="70" hits="1" branch="false"/>
            <line number="73" hits="0" branch="false"/>
            <line number="84" hits="0" branch="true" condition-coverage="0% (0/3)"/>
            <line number="85" hits="0" branch="true" condition-coverage="0% (0/2)"/>
            <line number="86" hits="0" branch="false"/>
            <line number="92" hits="0" branch="true" condition-coverage="0% (0/1)"/>
            <line number="93" hits="0" branch="true" condition-coverage="0% (0/1)"/>
            <line number="94" hits="0" branch="true" condition-coverage="0% (0/1)"/>
            <line number="95" hits="0" branch="true" condition-coverage="0% (0/1)"/>
            <line number="96" hits="0" branch="true" condition-coverage="0% (0/1)"/>
            <line number="97" hits="0" branch="true" condition-coverage="0% (0/1)"/>
            <line number="98" hits="0" branch="true" condition-coverage="0% (0/1)"/>
            <line number="99" hits="0" branch="true" condition-coverage="0% (0/1)"/>
            <line number="100" hits="0" branch="false"/>
            <line number="113" hits="2" branch="false"/>
            <line number="114" hits="2" branch="true" condition-coverage="100% (1/1)"/>
            <line number="116" hits="2" branch="false"/>
            <line number="117" hits="0" branch="false"/>
            <line number="126" hits="2" branch="false"/>
            <line number="127" hits="2" branch="true" condition-coverage="100% (1/1)"/>
            <line number="129" hits="2" branch="true" condition-coverage="50% (1/2)"/>
            <line number="130" hits="0" branch="false"/>
            <line number="134" hits="1" branch="false"/>
            <line number="135" hits="1" branch="false"/>
            <line number="136" hits="1" branch="false"/>
            <line number="137" hits="1" branch="false"/>
            <line number="138" hits="1" branch="false"/>
            <line number="139" hits="1" branch="false"/>
            <line number="140" hits="1" branch="false"/>
            <line number="141" hits="1" branch="false"/>
          </lines>
        </class>
        <class name="index.ts" filename="src\utils\index.ts" line-rate="1" branch-rate="1">
          <methods>
          </methods>
          <lines>
            <line number="1" hits="1" branch="false"/>
            <line number="2" hits="1" branch="false"/>
            <line number="3" hits="1" branch="false"/>
          </lines>
        </class>
      </classes>
    </package>
  </packages>
</coverage>
