<?xml version="1.0" ?>
<!DOCTYPE coverage SYSTEM "http://cobertura.sourceforge.net/xml/coverage-04.dtd">
<coverage lines-valid="303" lines-covered="202" line-rate="0.6666" branches-valid="129" branches-covered="45" branch-rate="0.3488" timestamp="1635887683343" complexity="0" version="0.1">
  <sources>
    <source>projects\fritzapi</source>
  </sources>
  <packages>
    <package name="src" line-rate="0.6681999999999999" branch-rate="0.4301">
      <classes>
        <class name="Fritz.ts" filename="src\Fritz.ts" line-rate="0.6618999999999999" branch-rate="0.4301">
          <methods>
            <method name="(anonymous_20)" hits="1" signature="()V">
              <lines>
                <line number="49" hits="1"/>
              </lines>
            </method>
            <method name="Fritz" hits="1" signature="()V">
              <lines>
                <line number="60" hits="1"/>
              </lines>
            </method>
            <method name="(anonymous_22)" hits="2" signature="()V">
              <lines>
                <line number="218" hits="2"/>
              </lines>
            </method>
            <method name="(anonymous_25)" hits="0" signature="()V">
              <lines>
                <line number="226" hits="0"/>
              </lines>
            </method>
            <method name="(anonymous_26)" hits="0" signature="()V">
              <lines>
                <line number="313" hits="0"/>
              </lines>
            </method>
            <method name="(anonymous_27)" hits="0" signature="()V">
              <lines>
                <line number="313" hits="0"/>
              </lines>
            </method>
            <method name="(anonymous_29)" hits="0" signature="()V">
              <lines>
                <line number="319" hits="0"/>
              </lines>
            </method>
            <method name="(anonymous_30)" hits="0" signature="()V">
              <lines>
                <line number="319" hits="0"/>
              </lines>
            </method>
            <method name="(anonymous_32)" hits="0" signature="()V">
              <lines>
                <line number="325" hits="0"/>
              </lines>
            </method>
            <method name="(anonymous_33)" hits="0" signature="()V">
              <lines>
                <line number="325" hits="0"/>
              </lines>
            </method>
            <method name="(anonymous_35)" hits="0" signature="()V">
              <lines>
                <line number="331" hits="0"/>
              </lines>
            </method>
            <method name="(anonymous_36)" hits="0" signature="()V">
              <lines>
                <line number="331" hits="0"/>
              </lines>
            </method>
            <method name="(anonymous_38)" hits="0" signature="()V">
              <lines>
                <line number="341" hits="0"/>
              </lines>
            </method>
            <method name="(anonymous_39)" hits="0" signature="()V">
              <lines>
                <line number="341" hits="0"/>
              </lines>
            </method>
            <method name="(anonymous_41)" hits="0" signature="()V">
              <lines>
                <line number="351" hits="0"/>
              </lines>
            </method>
            <method name="(anonymous_42)" hits="0" signature="()V">
              <lines>
                <line number="351" hits="0"/>
              </lines>
            </method>
            <method name="(anonymous_44)" hits="0" signature="()V">
              <lines>
                <line number="358" hits="0"/>
              </lines>
            </method>
            <method name="(anonymous_45)" hits="0" signature="()V">
              <lines>
                <line number="358" hits="0"/>
              </lines>
            </method>
            <method name="(anonymous_47)" hits="0" signature="()V">
              <lines>
                <line number="368" hits="0"/>
              </lines>
            </method>
            <method name="(anonymous_48)" hits="0" signature="()V">
              <lines>
                <line number="368" hits="0"/>
              </lines>
            </method>
            <method name="(anonymous_50)" hits="0" signature="()V">
              <lines>
                <line number="378" hits="0"/>
              </lines>
            </method>
            <method name="(anonymous_53)" hits="0" signature="()V">
              <lines>
                <line number="382" hits="0"/>
              </lines>
            </method>
            <method name="(anonymous_54)" hits="0" signature="()V">
              <lines>
                <line number="394" hits="0"/>
              </lines>
            </method>
            <method name="(anonymous_55)" hits="0" signature="()V">
              <lines>
                <line number="394" hits="0"/>
              </lines>
            </method>
            <method name="(anonymous_57)" hits="0" signature="()V">
              <lines>
                <line number="400" hits="0"/>
              </lines>
            </method>
            <method name="(anonymous_58)" hits="0" signature="()V">
              <lines>
                <line number="400" hits="0"/>
              </lines>
            </method>
            <method name="(anonymous_60)" hits="0" signature="()V">
              <lines>
                <line number="406" hits="0"/>
              </lines>
            </method>
            <method name="(anonymous_61)" hits="0" signature="()V">
              <lines>
                <line number="406" hits="0"/>
              </lines>
            </method>
            <method name="(anonymous_63)" hits="0" signature="()V">
              <lines>
                <line number="476" hits="0"/>
              </lines>
            </method>
            <method name="(anonymous_66)" hits="0" signature="()V">
              <lines>
                <line number="480" hits="0"/>
              </lines>
            </method>
            <method name="(anonymous_67)" hits="2" signature="()V">
              <lines>
                <line number="490" hits="2"/>
              </lines>
            </method>
            <method name="(anonymous_70)" hits="1" signature="()V">
              <lines>
                <line number="494" hits="1"/>
              </lines>
            </method>
            <method name="(anonymous_71)" hits="0" signature="()V">
              <lines>
                <line number="500" hits="0"/>
              </lines>
            </method>
            <method name="(anonymous_74)" hits="0" signature="()V">
              <lines>
                <line number="504" hits="0"/>
              </lines>
            </method>
            <method name="(anonymous_75)" hits="0" signature="()V">
              <lines>
                <line number="607" hits="0"/>
              </lines>
            </method>
            <method name="(anonymous_76)" hits="0" signature="()V">
              <lines>
                <line number="607" hits="0"/>
              </lines>
            </method>
            <method name="(anonymous_78)" hits="0" signature="()V">
              <lines>
                <line number="616" hits="0"/>
              </lines>
            </method>
            <method name="(anonymous_79)" hits="0" signature="()V">
              <lines>
                <line number="616" hits="0"/>
              </lines>
            </method>
            <method name="(anonymous_81)" hits="12" signature="()V">
              <lines>
                <line number="70" hits="12"/>
              </lines>
            </method>
            <method name="(anonymous_84)" hits="13" signature="()V">
              <lines>
                <line number="84" hits="13"/>
              </lines>
            </method>
            <method name="(anonymous_87)" hits="12" signature="()V">
              <lines>
                <line number="115" hits="12"/>
              </lines>
            </method>
            <method name="(anonymous_90)" hits="0" signature="()V">
              <lines>
                <line number="131" hits="0"/>
              </lines>
            </method>
            <method name="(anonymous_91)" hits="1" signature="()V">
              <lines>
                <line number="154" hits="1"/>
              </lines>
            </method>
            <method name="(anonymous_94)" hits="1" signature="()V">
              <lines>
                <line number="179" hits="1"/>
              </lines>
            </method>
            <method name="(anonymous_97)" hits="1" signature="()V">
              <lines>
                <line number="195" hits="1"/>
              </lines>
            </method>
            <method name="(anonymous_100)" hits="2" signature="()V">
              <lines>
                <line number="213" hits="2"/>
              </lines>
            </method>
            <method name="(anonymous_103)" hits="0" signature="()V">
              <lines>
                <line number="233" hits="0"/>
              </lines>
            </method>
            <method name="(anonymous_106)" hits="0" signature="()V">
              <lines>
                <line number="239" hits="0"/>
              </lines>
            </method>
            <method name="(anonymous_109)" hits="2" signature="()V">
              <lines>
                <line number="245" hits="2"/>
              </lines>
            </method>
            <method name="(anonymous_112)" hits="2" signature="()V">
              <lines>
                <line number="250" hits="2"/>
              </lines>
            </method>
            <method name="(anonymous_115)" hits="4" signature="()V">
              <lines>
                <line number="256" hits="4"/>
              </lines>
            </method>
            <method name="(anonymous_116)" hits="3" signature="()V">
              <lines>
                <line number="265" hits="3"/>
              </lines>
            </method>
            <method name="(anonymous_119)" hits="6" signature="()V">
              <lines>
                <line number="272" hits="6"/>
              </lines>
            </method>
            <method name="(anonymous_120)" hits="6" signature="()V">
              <lines>
                <line number="273" hits="6"/>
              </lines>
            </method>
            <method name="(anonymous_121)" hits="1" signature="()V">
              <lines>
                <line number="283" hits="1"/>
              </lines>
            </method>
            <method name="(anonymous_124)" hits="0" signature="()V">
              <lines>
                <line number="291" hits="0"/>
              </lines>
            </method>
            <method name="(anonymous_127)" hits="0" signature="()V">
              <lines>
                <line number="297" hits="0"/>
              </lines>
            </method>
            <method name="(anonymous_130)" hits="1" signature="()V">
              <lines>
                <line number="306" hits="1"/>
              </lines>
            </method>
            <method name="(anonymous_133)" hits="0" signature="()V">
              <lines>
                <line number="388" hits="0"/>
              </lines>
            </method>
            <method name="(anonymous_136)" hits="0" signature="()V">
              <lines>
                <line number="415" hits="0"/>
              </lines>
            </method>
            <method name="(anonymous_139)" hits="0" signature="()V">
              <lines>
                <line number="425" hits="0"/>
              </lines>
            </method>
            <method name="(anonymous_142)" hits="0" signature="()V">
              <lines>
                <line number="434" hits="0"/>
              </lines>
            </method>
            <method name="(anonymous_145)" hits="2" signature="()V">
              <lines>
                <line number="510" hits="2"/>
              </lines>
            </method>
            <method name="(anonymous_148)" hits="0" signature="()V">
              <lines>
                <line number="521" hits="0"/>
              </lines>
            </method>
            <method name="(anonymous_151)" hits="0" signature="()V">
              <lines>
                <line number="531" hits="0"/>
              </lines>
            </method>
            <method name="(anonymous_154)" hits="0" signature="()V">
              <lines>
                <line number="536" hits="0"/>
              </lines>
            </method>
            <method name="(anonymous_155)" hits="2" signature="()V">
              <lines>
                <line number="547" hits="2"/>
              </lines>
            </method>
            <method name="(anonymous_158)" hits="0" signature="()V">
              <lines>
                <line number="567" hits="0"/>
              </lines>
            </method>
            <method name="(anonymous_161)" hits="0" signature="()V">
              <lines>
                <line number="597" hits="0"/>
              </lines>
            </method>
            <method name="(anonymous_164)" hits="0" signature="()V">
              <lines>
                <line number="626" hits="0"/>
              </lines>
            </method>
            <method name="(anonymous_165)" hits="0" signature="()V">
              <lines>
                <line number="658" hits="0"/>
              </lines>
            </method>
            <method name="(anonymous_168)" hits="0" signature="()V">
              <lines>
                <line number="669" hits="0"/>
              </lines>
            </method>
            <method name="(anonymous_171)" hits="0" signature="()V">
              <lines>
                <line number="711" hits="0"/>
              </lines>
            </method>
          </methods>
          <lines>
            <line number="21" hits="1" branch="false"/>
            <line number="22" hits="1" branch="false"/>
            <line number="23" hits="1" branch="false"/>
            <line number="24" hits="1" branch="false"/>
            <line number="25" hits="1" branch="false"/>
            <line number="49" hits="1" branch="false"/>
            <line number="56" hits="1" branch="false"/>
            <line number="60" hits="1" branch="false"/>
            <line number="61" hits="1" branch="false"/>
            <line number="62" hits="1" branch="false"/>
            <line number="63" hits="1" branch="false"/>
            <line number="64" hits="1" branch="false"/>
            <line number="65" hits="1" branch="true" condition-coverage="100% (1/1)"/>
            <line number="66" hits="1" branch="false"/>
            <line number="70" hits="1" branch="false"/>
            <line number="71" hits="23" branch="true" condition-coverage="100% (1/1)"/>
            <line number="72" hits="1" branch="false"/>
            <line number="74" hits="12" branch="true" condition-coverage="0% (0/1)"/>
            <line number="75" hits="0" branch="false"/>
            <line number="77" hits="12" branch="false"/>
            <line number="84" hits="1" branch="false"/>
            <line number="89" hits="13" branch="false"/>
            <line number="90" hits="25" branch="true" condition-coverage="100% (5/5)"/>
            <line number="91" hits="1" branch="true" condition-coverage="0% (0/1)"/>
            <line number="92" hits="1" branch="false"/>
            <line number="94" hits="1" branch="false"/>
            <line number="100" hits="0" branch="true" condition-coverage="66.66666666666666% (2/3)"/>
            <line number="103" hits="12" branch="false"/>
            <line number="105" hits="13" branch="false"/>
            <line number="107" hits="0" branch="false"/>
            <line number="108" hits="0" branch="false"/>
            <line number="115" hits="1" branch="false"/>
            <line number="120" hits="24" branch="false"/>
            <line number="122" hits="12" branch="false"/>
            <line number="123" hits="12" branch="false"/>
            <line number="124" hits="12" branch="false"/>
            <line number="125" hits="12" branch="true" condition-coverage="100% (2/2)"/>
            <line number="126" hits="3" branch="false"/>
            <line number="128" hits="9" branch="false"/>
            <line number="129" hits="9" branch="false"/>
            <line number="131" hits="12" branch="false"/>
            <line number="132" hits="0" branch="false"/>
            <line number="135" hits="14" branch="true" condition-coverage="100% (1/1)"/>
            <line number="136" hits="12" branch="true" condition-coverage="100% (1/1)"/>
            <line number="137" hits="12" branch="true" condition-coverage="100% (1/1)"/>
            <line number="139" hits="12" branch="true" condition-coverage="100% (1/1)"/>
            <line number="140" hits="10" branch="false"/>
            <line number="141" hits="10" branch="false"/>
            <line number="144" hits="12" branch="false"/>
            <line number="154" hits="1" branch="false"/>
            <line number="158" hits="1" branch="true" condition-coverage="100% (1/1)"/>
            <line number="165" hits="1" branch="false"/>
            <line number="166" hits="1" branch="false"/>
            <line number="170" hits="1" branch="false"/>
            <line number="172" hits="1" branch="false"/>
            <line number="174" hits="1" branch="false"/>
            <line number="175" hits="1" branch="false"/>
            <line number="179" hits="1" branch="false"/>
            <line number="180" hits="1" branch="true" condition-coverage="100% (1/1)"/>
            <line number="186" hits="1" branch="false"/>
            <line number="187" hits="1" branch="true" condition-coverage="100% (2/2)"/>
            <line number="195" hits="1" branch="false"/>
            <line number="196" hits="1" branch="false"/>
            <line number="199" hits="1" branch="false"/>
            <line number="204" hits="1" branch="false"/>
            <line number="205" hits="1" branch="false"/>
            <line number="209" hits="1" branch="false"/>
            <line number="213" hits="1" branch="false"/>
            <line number="214" hits="2" branch="false"/>
            <line number="218" hits="1" branch="false"/>
            <line number="219" hits="1" branch="true" condition-coverage="100% (1/1)"/>
            <line number="221" hits="1" branch="false"/>
            <line number="224" hits="1" branch="false"/>
            <line number="225" hits="1" branch="true" condition-coverage="75% (3/4)"/>
            <line number="226" hits="1" branch="false"/>
            <line number="227" hits="0" branch="false"/>
            <line number="229" hits="1" branch="false"/>
            <line number="233" hits="1" branch="false"/>
            <line number="234" hits="0" branch="false"/>
            <line number="239" hits="1" branch="false"/>
            <line number="240" hits="0" branch="false"/>
            <line number="245" hits="1" branch="false"/>
            <line number="246" hits="2" branch="false"/>
            <line number="250" hits="1" branch="false"/>
            <line number="251" hits="2" branch="true" condition-coverage="100% (1/1)"/>
            <line number="252" hits="2" branch="false"/>
            <line number="254" hits="2" branch="false"/>
            <line number="255" hits="2" branch="true" condition-coverage="50% (2/4)"/>
            <line number="256" hits="2" branch="false"/>
            <line number="257" hits="4" branch="false"/>
            <line number="258" hits="4" branch="false"/>
            <line number="259" hits="4" branch="false"/>
            <line number="261" hits="2" branch="false"/>
            <line number="265" hits="1" branch="false"/>
            <line number="268" hits="5" branch="true" condition-coverage="100% (1/1)"/>
            <line number="269" hits="1" branch="false"/>
            <line number="272" hits="3" branch="true" condition-coverage="100% (1/1)"/>
            <line number="273" hits="6" branch="false"/>
            <line number="275" hits="6" branch="true" condition-coverage="100% (2/2)"/>
            <line number="283" hits="1" branch="false"/>
            <line number="284" hits="1" branch="true" condition-coverage="100% (1/1)"/>
            <line number="287" hits="1" branch="true" condition-coverage="50% (1/2)"/>
            <line number="291" hits="1" branch="false"/>
            <line number="292" hits="0" branch="true" condition-coverage="0% (0/1)"/>
            <line number="293" hits="0" branch="false"/>
            <line number="297" hits="1" branch="false"/>
            <line number="298" hits="0" branch="true" condition-coverage="0% (0/6)"/>
            <line number="306" hits="1" branch="false"/>
            <line number="307" hits="1" branch="true" condition-coverage="100% (1/1)"/>
            <line number="308" hits="1" branch="false"/>
            <line number="309" hits="1" branch="true" condition-coverage="50% (1/2)"/>
            <line number="313" hits="1" branch="false"/>
            <line number="314" hits="0" branch="true" condition-coverage="0% (0/1)"/>
            <line number="315" hits="0" branch="false"/>
            <line number="319" hits="1" branch="false"/>
            <line number="320" hits="0" branch="true" condition-coverage="0% (0/1)"/>
            <line number="321" hits="0" branch="false"/>
            <line number="325" hits="1" branch="false"/>
            <line number="326" hits="0" branch="true" condition-coverage="0% (0/1)"/>
            <line number="327" hits="0" branch="false"/>
            <line number="331" hits="1" branch="false"/>
            <line number="332" hits="0" branch="true" condition-coverage="0% (0/1)"/>
            <line number="337" hits="0" branch="false"/>
            <line number="341" hits="1" branch="false"/>
            <line number="342" hits="0" branch="true" condition-coverage="0% (0/1)"/>
            <line number="347" hits="0" branch="false"/>
            <line number="351" hits="1" branch="false"/>
            <line number="352" hits="0" branch="true" condition-coverage="0% (0/1)"/>
            <line number="353" hits="0" branch="false"/>
            <line number="354" hits="0" branch="true" condition-coverage="0% (0/2)"/>
            <line number="358" hits="1" branch="false"/>
            <line number="359" hits="0" branch="true" condition-coverage="0% (0/1)"/>
            <line number="364" hits="0" branch="false"/>
            <line number="368" hits="1" branch="false"/>
            <line number="369" hits="0" branch="true" condition-coverage="0% (0/1)"/>
            <line number="370" hits="0" branch="false"/>
            <line number="378" hits="1" branch="false"/>
            <line number="379" hits="0" branch="true" condition-coverage="0% (0/1)"/>
            <line number="382" hits="0" branch="false"/>
            <line number="383" hits="0" branch="false"/>
            <line number="388" hits="1" branch="false"/>
            <line number="389" hits="0" branch="true" condition-coverage="0% (0/1)"/>
            <line number="390" hits="0" branch="false"/>
            <line number="394" hits="1" branch="false"/>
            <line number="395" hits="0" branch="true" condition-coverage="0% (0/1)"/>
            <line number="396" hits="0" branch="false"/>
            <line number="400" hits="1" branch="false"/>
            <line number="401" hits="0" branch="true" condition-coverage="0% (0/1)"/>
            <line number="402" hits="0" branch="false"/>
            <line number="406" hits="1" branch="false"/>
            <line number="407" hits="0" branch="true" condition-coverage="0% (0/1)"/>
            <line number="408" hits="0" branch="false"/>
            <line number="415" hits="1" branch="false"/>
            <line number="416" hits="0" branch="true" condition-coverage="0% (0/1)"/>
            <line number="421" hits="0" branch="false"/>
            <line number="425" hits="1" branch="false"/>
            <line number="426" hits="0" branch="true" condition-coverage="0% (0/1)"/>
            <line number="434" hits="1" branch="false"/>
            <line number="435" hits="0" branch="false"/>
            <line number="437" hits="0" branch="false"/>
            <line number="440" hits="0" branch="false"/>
            <line number="461" hits="0" branch="false"/>
            <line number="462" hits="0" branch="false"/>
            <line number="476" hits="1" branch="false"/>
            <line number="477" hits="0" branch="true" condition-coverage="0% (0/1)"/>
            <line number="480" hits="0" branch="false"/>
            <line number="481" hits="0" branch="false"/>
            <line number="490" hits="1" branch="false"/>
            <line number="491" hits="1" branch="true" condition-coverage="100% (1/1)"/>
            <line number="494" hits="1" branch="false"/>
            <line number="495" hits="1" branch="false"/>
            <line number="500" hits="1" branch="false"/>
            <line number="501" hits="0" branch="true" condition-coverage="0% (0/1)"/>
            <line number="504" hits="0" branch="false"/>
            <line number="505" hits="0" branch="false"/>
            <line number="510" hits="1" branch="false"/>
            <line number="512" hits="4" branch="false"/>
            <line number="517" hits="2" branch="false"/>
            <line number="521" hits="1" branch="false"/>
            <line number="522" hits="0" branch="true" condition-coverage="0% (0/1)"/>
            <line number="527" hits="0" branch="false"/>
            <line number="531" hits="1" branch="false"/>
            <line number="532" hits="0" branch="false"/>
            <line number="538" hits="0" branch="false"/>
            <line number="547" hits="1" branch="false"/>
            <line number="553" hits="4" branch="true" condition-coverage="100% (1/1)"/>
            <line number="561" hits="2" branch="false"/>
            <line number="567" hits="1" branch="false"/>
            <line number="572" hits="0" branch="false"/>
            <line number="573" hits="0" branch="false"/>
            <line number="578" hits="0" branch="false"/>
            <line number="597" hits="1" branch="false"/>
            <line number="599" hits="0" branch="false"/>
            <line number="600" hits="0" branch="false"/>
            <line number="607" hits="1" branch="false"/>
            <line number="608" hits="0" branch="true" condition-coverage="0% (0/1)"/>
            <line number="609" hits="0" branch="true" condition-coverage="0% (0/4)"/>
            <line number="616" hits="1" branch="false"/>
            <line number="617" hits="0" branch="true" condition-coverage="0% (0/1)"/>
            <line number="618" hits="0" branch="true" condition-coverage="0% (0/8)"/>
            <line number="626" hits="1" branch="false"/>
            <line number="627" hits="0" branch="false"/>
            <line number="658" hits="1" branch="false"/>
            <line number="659" hits="0" branch="true" condition-coverage="0% (0/1)"/>
            <line number="665" hits="0" branch="false"/>
            <line number="669" hits="1" branch="false"/>
            <line number="670" hits="0" branch="false"/>
            <line number="711" hits="1" branch="false"/>
            <line number="712" hits="0" branch="false"/>
            <line number="719" hits="1" branch="false"/>
          </lines>
        </class>
        <class name="index.ts" filename="src\index.ts" line-rate="1" branch-rate="1">
          <methods>
          </methods>
          <lines>
            <line number="1" hits="1" branch="false"/>
            <line number="3" hits="1" branch="false"/>
            <line number="4" hits="1" branch="false"/>
            <line number="5" hits="1" branch="false"/>
          </lines>
        </class>
      </classes>
    </package>
    <package name="src.utils" line-rate="0.6629" branch-rate="0.1388">
      <classes>
        <class name="const.ts" filename="src\utils\const.ts" line-rate="1" branch-rate="1">
          <methods>
          </methods>
          <lines>
            <line number="7" hits="1" branch="false"/>
            <line number="11" hits="1" branch="false"/>
            <line number="15" hits="1" branch="false"/>
            <line number="19" hits="1" branch="false"/>
            <line number="23" hits="1" branch="false"/>
            <line number="27" hits="1" branch="false"/>
            <line number="31" hits="1" branch="false"/>
            <line number="35" hits="1" branch="false"/>
            <line number="39" hits="1" branch="false"/>
            <line number="43" hits="1" branch="false"/>
            <line number="47" hits="1" branch="false"/>
            <line number="51" hits="1" branch="false"/>
            <line number="55" hits="1" branch="false"/>
            <line number="59" hits="1" branch="false"/>
            <line number="63" hits="1" branch="false"/>
            <line number="66" hits="1" branch="false"/>
            <line number="67" hits="1" branch="false"/>
            <line number="68" hits="1" branch="false"/>
            <line number="69" hits="1" branch="false"/>
            <line number="70" hits="1" branch="false"/>
            <line number="71" hits="1" branch="false"/>
            <line number="72" hits="1" branch="false"/>
            <line number="73" hits="1" branch="false"/>
            <line number="74" hits="1" branch="false"/>
            <line number="75" hits="1" branch="false"/>
            <line number="76" hits="1" branch="false"/>
            <line number="77" hits="1" branch="false"/>
            <line number="78" hits="1" branch="false"/>
            <line number="79" hits="1" branch="false"/>
            <line number="80" hits="1" branch="false"/>
            <line number="99" hits="1" branch="false"/>
            <line number="114" hits="1" branch="false"/>
            <line number="116" hits="1" branch="false"/>
            <line number="117" hits="1" branch="false"/>
            <line number="119" hits="1" branch="false"/>
            <line number="121" hits="1" branch="false"/>
            <line number="123" hits="1" branch="false"/>
          </lines>
        </class>
        <class name="function.ts" filename="src\utils\function.ts" line-rate="0.38770000000000004" branch-rate="0.1388">
          <methods>
            <method name="temp2api" hits="0" signature="()V">
              <lines>
                <line number="8" hits="0"/>
              </lines>
            </method>
            <method name="api2temp" hits="0" signature="()V">
              <lines>
                <line number="24" hits="0"/>
              </lines>
            </method>
            <method name="time2api" hits="0" signature="()V">
              <lines>
                <line number="36" hits="0"/>
              </lines>
            </method>
            <method name="state2api" hits="2" signature="()V">
              <lines>
                <line number="50" hits="2"/>
              </lines>
            </method>
            <method name="level2api" hits="0" signature="()V">
              <lines>
                <line number="66" hits="0"/>
              </lines>
            </method>
            <method name="colortemp2api" hits="0" signature="()V">
              <lines>
                <line number="75" hits="0"/>
              </lines>
            </method>
            <method name="color2apihue" hits="2" signature="()V">
              <lines>
                <line number="94" hits="2"/>
              </lines>
            </method>
            <method name="satindex2apisat" hits="2" signature="()V">
              <lines>
                <line number="102" hits="2"/>
              </lines>
            </method>
          </methods>
          <lines>
            <line number="1" hits="1" branch="false"/>
            <line number="11" hits="0" branch="true" condition-coverage="0% (0/4)"/>
            <line number="12" hits="0" branch="true" condition-coverage="0% (0/4)"/>
            <line number="13" hits="0" branch="true" condition-coverage="0% (0/2)"/>
            <line number="15" hits="0" branch="false"/>
            <line number="18" hits="0" branch="false"/>
            <line number="21" hits="0" branch="false"/>
            <line number="25" hits="0" branch="true" condition-coverage="0% (0/1)"/>
            <line number="26" hits="0" branch="true" condition-coverage="0% (0/1)"/>
            <line number="28" hits="0" branch="true" condition-coverage="0% (0/1)"/>
            <line number="29" hits="0" branch="false"/>
            <line number="33" hits="0" branch="false"/>
            <line number="37" hits="0" branch="true" condition-coverage="0% (0/1)"/>
            <line number="38" hits="0" branch="false"/>
            <line number="41" hits="0" branch="false"/>
            <line number="52" hits="2" branch="true" condition-coverage="0% (0/1)"/>
            <line number="53" hits="0" branch="false"/>
            <line number="55" hits="2" branch="true" condition-coverage="50% (2/4)"/>
            <line number="57" hits="1" branch="false"/>
            <line number="59" hits="1" branch="false"/>
            <line number="62" hits="0" branch="false"/>
            <line number="68" hits="0" branch="true" condition-coverage="0% (0/3)"/>
            <line number="69" hits="0" branch="true" condition-coverage="0% (0/2)"/>
            <line number="70" hits="0" branch="false"/>
            <line number="76" hits="0" branch="true" condition-coverage="0% (0/1)"/>
            <line number="77" hits="0" branch="true" condition-coverage="0% (0/1)"/>
            <line number="78" hits="0" branch="true" condition-coverage="0% (0/1)"/>
            <line number="79" hits="0" branch="true" condition-coverage="0% (0/1)"/>
            <line number="80" hits="0" branch="true" condition-coverage="0% (0/1)"/>
            <line number="81" hits="0" branch="true" condition-coverage="0% (0/1)"/>
            <line number="82" hits="0" branch="true" condition-coverage="0% (0/1)"/>
            <line number="83" hits="0" branch="true" condition-coverage="0% (0/1)"/>
            <line number="84" hits="0" branch="false"/>
            <line number="95" hits="2" branch="false"/>
            <line number="96" hits="2" branch="true" condition-coverage="100% (1/1)"/>
            <line number="98" hits="2" branch="false"/>
            <line number="99" hits="0" branch="false"/>
            <line number="103" hits="2" branch="false"/>
            <line number="104" hits="2" branch="true" condition-coverage="100% (1/1)"/>
            <line number="106" hits="2" branch="true" condition-coverage="50% (1/2)"/>
            <line number="107" hits="0" branch="false"/>
            <line number="111" hits="1" branch="false"/>
            <line number="112" hits="1" branch="false"/>
            <line number="113" hits="1" branch="false"/>
            <line number="114" hits="1" branch="false"/>
            <line number="115" hits="1" branch="false"/>
            <line number="116" hits="1" branch="false"/>
            <line number="117" hits="1" branch="false"/>
            <line number="118" hits="1" branch="false"/>
          </lines>
        </class>
        <class name="index.ts" filename="src\utils\index.ts" line-rate="1" branch-rate="1">
          <methods>
          </methods>
          <lines>
            <line number="1" hits="1" branch="false"/>
            <line number="2" hits="1" branch="false"/>
            <line number="3" hits="1" branch="false"/>
          </lines>
        </class>
      </classes>
    </package>
  </packages>
</coverage>
